0 verbose cli C:\nvm4w\nodejs\node.exe C:\nvm4w\nodejs\node_modules\npm\bin\npm-cli.js
1 info using npm@11.13.0
2 info using node@v26.2.0
3 silly config load:file:C:\Users\USER0\AppData\Local\nvm\v26.2.0\node_modules\npm\npmrc
4 silly config load:file:Y:\foundary\prototypes\pm-guided-cockpit\.npmrc
5 silly config load:file:C:\Users\USER0\.npmrc
6 silly config load:file:C:\nvm4w\nodejs\etc\npmrc
7 verbose title npm install
8 verbose argv "install"
9 verbose logfile logs-max:10 dir:Y:\foundary\prototypes\pm-guided-cockpit\.npm-cache\_logs\2026-06-11T01_07_15_375Z-
10 verbose logfile Y:\foundary\prototypes\pm-guided-cockpit\.npm-cache\_logs\2026-06-11T01_07_15_375Z-debug-0.log
11 silly logfile done cleaning log files
12 silly packumentCache heap:4395630592 maxSize:1098907648 maxEntrySize:549453824
13 silly idealTree buildDeps
14 silly fetch manifest @vitejs/plugin-react@5.0.4
15 silly packumentCache full:https://registry.npmjs.org/@vitejs%2fplugin-react cache-miss
16 http fetch GET https://registry.npmjs.org/@vitejs%2fplugin-react attempt 1 failed with EACCES
17 http fetch GET https://registry.npmjs.org/@vitejs%2fplugin-react attempt 2 failed with EACCES
18 http fetch GET https://registry.npmjs.org/@vitejs%2fplugin-react attempt 3 failed with EACCES
19 silly fetch manifest vite@6.4.2
20 silly packumentCache full:https://registry.npmjs.org/vite cache-miss
21 http fetch GET https://registry.npmjs.org/vite attempt 1 failed with EACCES
22 http fetch GET https://registry.npmjs.org/vite attempt 2 failed with EACCES
23 http fetch GET https://registry.npmjs.org/vite attempt 3 failed with EACCES
24 silly fetch manifest react@19.2.0
25 silly packumentCache full:https://registry.npmjs.org/react cache-miss
26 http fetch GET https://registry.npmjs.org/react attempt 1 failed with EACCES
27 http fetch GET https://registry.npmjs.org/react attempt 2 failed with EACCES
28 http fetch GET https://registry.npmjs.org/react attempt 3 failed with EACCES
29 silly fetch manifest react-dom@19.2.0
30 silly packumentCache full:https://registry.npmjs.org/react-dom cache-miss
31 http fetch GET https://registry.npmjs.org/react-dom attempt 1 failed with EACCES
32 http fetch GET https://registry.npmjs.org/react-dom attempt 2 failed with EACCES
33 http fetch GET https://registry.npmjs.org/react-dom attempt 3 failed with EACCES
34 silly placeDep ROOT @vitejs/plugin-react@ OK for: pm-guided-cockpit@0.0.0 want: 5.0.4
35 silly placeDep ROOT react@ OK for: pm-guided-cockpit@0.0.0 want: 19.2.0
36 silly placeDep ROOT react-dom@ OK for: pm-guided-cockpit@0.0.0 want: 19.2.0
37 silly placeDep ROOT vite@ OK for: pm-guided-cockpit@0.0.0 want: 6.4.2
38 verbose type system
39 verbose stack FetchError: request to https://registry.npmjs.org/@vitejs%2fplugin-react failed, reason: 
39 verbose stack     at ClientRequest.<anonymous> (C:\Users\USER0\AppData\Local\nvm\v26.2.0\node_modules\npm\node_modules\minipass-fetch\lib\index.js:130:14)
39 verbose stack     at ClientRequest.emit (node:events:509:20)
39 verbose stack     at emitErrorEvent (node:_http_client:109:11)
39 verbose stack     at _destroy (node:_http_client:993:9)
39 verbose stack     at onSocketNT (node:_http_client:1014:5)
39 verbose stack     at process.processTicksAndRejections (node:internal/process/task_queues:91:21)
40 error code EACCES
41 error errno EACCES
42 error FetchError: request to https://registry.npmjs.org/@vitejs%2fplugin-react failed, reason: 
42 error     at ClientRequest.<anonymous> (C:\Users\USER0\AppData\Local\nvm\v26.2.0\node_modules\npm\node_modules\minipass-fetch\lib\index.js:130:14)
42 error     at ClientRequest.emit (node:events:509:20)
42 error     at emitErrorEvent (node:_http_client:109:11)
42 error     at _destroy (node:_http_client:993:9)
42 error     at onSocketNT (node:_http_client:1014:5)
42 error     at process.processTicksAndRejections (node:internal/process/task_queues:91:21) {
42 error   code: 'EACCES',
42 error   errno: 'EACCES',
42 error   type: 'system',
42 error   requiredBy: '.'
42 error }
43 error
43 error The operation was rejected by your operating system.
43 error It's possible that the file was already in use (by a text editor or antivirus), or that you lack permissions to access it.
43 error
43 error If you believe this might be a permissions issue, please double-check the permissions of the file and its containing directories, or try running the command again as root/Administrator.
44 silly unfinished npm timer reify 1781140036392
45 silly unfinished npm timer reify:loadTrees 1781140036393
46 verbose cwd Y:\foundary\prototypes\pm-guided-cockpit
47 verbose os Windows_NT 10.0.19045
48 verbose node v26.2.0
49 verbose npm  v11.13.0
50 verbose exit 1
51 verbose code 1
52 error A complete log of this run can be found in: Y:\foundary\prototypes\pm-guided-cockpit\.npm-cache\_logs\2026-06-11T01_07_15_375Z-debug-0.log
